<?xml version="1.0" encoding="UTF-8" ?>
<testsuite tests="3" failures="2" name="com.tnas.hadoop.cases.wordcount.ContadorPalavrasTest" time="0.886" errors="0" skipped="0">
  <properties>
[...]
</properties>
  <testcase classname="com.tnas.hadoop.cases.wordcount.ContadorPalavrasTest" name="testarMapper" time="0.553"/>
  <testcase classname="com.tnas.hadoop.cases.wordcount.ContadorPalavrasTest" name="testarReducer" time="0.302">
    <failure message="3 Error(s): (Missing expected output (2012, 4) at position 1, got (total, 3)., Received unexpected output (2012, 4) at position 2., Received unexpected output (total, 4) at position 3.)" type="java.lang.AssertionError">java.lang.AssertionError: 3 Error(s): (Missing expected output (2012, 4) at position 1, got (total, 3)., Received unexpected output (2012, 4) at position 2., Received unexpected output (total, 4) at position 3.)
	at org.junit.Assert.fail(Assert.java:88)
	at org.apache.hadoop.mrunit.internal.util.Errors.assertNone(Errors.java:73)
	at org.apache.hadoop.mrunit.TestDriver.validate(TestDriver.java:768)
	at org.apache.hadoop.mrunit.TestDriver.runTest(TestDriver.java:641)
	at org.apache.hadoop.mrunit.TestDriver.runTest(TestDriver.java:627)
	at com.tnas.hadoop.cases.wordcount.ContadorPalavrasTest.testarReducer(ContadorPalavrasTest.java:66)
	at sun.reflect.NativeMethodAccessorImpl.invoke0(Native Method)
	at sun.reflect.NativeMethodAccessorImpl.invoke(NativeMethodAccessorImpl.java:62)
	at sun.reflect.DelegatingMethodAccessorImpl.invoke(DelegatingMethodAccessorImpl.java:43)
	at java.lang.reflect.Method.invoke(Method.java:498)
	at org.junit.runners.model.FrameworkMethod$1.runReflectiveCall(FrameworkMethod.java:47)
	at org.junit.internal.runners.model.ReflectiveCallable.run(ReflectiveCallable.java:12)
	at org.junit.runners.model.FrameworkMethod.invokeExplosively(FrameworkMethod.java:44)
	at org.junit.internal.runners.statements.InvokeMethod.evaluate(InvokeMethod.java:17)
	at org.junit.internal.runners.statements.RunBefores.evaluate(RunBefores.java:26)
	at org.junit.runners.ParentRunner.runLeaf(ParentRunner.java:271)
	at org.junit.runners.BlockJUnit4ClassRunner.runChild(BlockJUnit4ClassRunner.java:70)
	at org.junit.runners.BlockJUnit4ClassRunner.runChild(BlockJUnit4ClassRunner.java:50)
	at org.junit.runners.ParentRunner$3.run(ParentRunner.java:238)
	at org.junit.runners.ParentRunner$1.schedule(ParentRunner.java:63)
	at org.junit.runners.ParentRunner.runChildren(ParentRunner.java:236)
	at org.junit.runners.ParentRunner.access$000(ParentRunner.java:53)
	at org.junit.runners.ParentRunner$2.evaluate(ParentRunner.java:229)
	at org.junit.runners.ParentRunner.run(ParentRunner.java:309)
	at org.apache.maven.surefire.junit4.JUnit4Provider.execute(JUnit4Provider.java:252)
	at org.apache.maven.surefire.junit4.JUnit4Provider.executeTestSet(JUnit4Provider.java:141)
	at org.apache.maven.surefire.junit4.JUnit4Provider.invoke(JUnit4Provider.java:112)
	at sun.reflect.NativeMethodAccessorImpl.invoke0(Native Method)
	at sun.reflect.NativeMethodAccessorImpl.invoke(NativeMethodAccessorImpl.java:62)
	at sun.reflect.DelegatingMethodAccessorImpl.invoke(DelegatingMethodAccessorImpl.java:43)
	at java.lang.reflect.Method.invoke(Method.java:498)
	at org.apache.maven.surefire.util.ReflectionUtils.invokeMethodWithArray(ReflectionUtils.java:189)
	at org.apache.maven.surefire.booter.ProviderFactory$ProviderProxy.invoke(ProviderFactory.java:165)
	at org.apache.maven.surefire.booter.ProviderFactory.invokeProvider(ProviderFactory.java:85)
	at org.apache.maven.surefire.booter.ForkedBooter.runSuitesInProcess(ForkedBooter.java:115)
	at org.apache.maven.surefire.booter.ForkedBooter.main(ForkedBooter.java:75)
</failure>
    <system-err>20/08/17 17:20:42 ERROR mrunit.TestDriver: Missing expected output (2012, 4) at position 1, got (total, 3).
20/08/17 17:20:42 ERROR mrunit.TestDriver: Received unexpected output (2012, 4) at position 2.
20/08/17 17:20:42 ERROR mrunit.TestDriver: Received unexpected output (total, 4) at position 3.
</system-err>
  </testcase>
  <testcase classname="com.tnas.hadoop.cases.wordcount.ContadorPalavrasTest" name="testarMapReduce" time="0.031">
    <failure message="5 Error(s): (Missing expected output (CSBC, 3) at position 1, got (total, 2)., Missing expected output (JAI, 1) at position 2, got (CSBC, 3)., Received unexpected output (total, 3) at position 3., Received unexpected output (JAI, 1) at position 4., Received unexpected output (total, 1) at position 5.)" type="java.lang.AssertionError">java.lang.AssertionError: 5 Error(s): (Missing expected output (CSBC, 3) at position 1, got (total, 2)., Missing expected output (JAI, 1) at position 2, got (CSBC, 3)., Received unexpected output (total, 3) at position 3., Received unexpected output (JAI, 1) at position 4., Received unexpected output (total, 1) at position 5.)
	at org.junit.Assert.fail(Assert.java:88)
	at org.apache.hadoop.mrunit.internal.util.Errors.assertNone(Errors.java:73)
	at org.apache.hadoop.mrunit.TestDriver.validate(TestDriver.java:768)
	at org.apache.hadoop.mrunit.TestDriver.runTest(TestDriver.java:641)
	at org.apache.hadoop.mrunit.TestDriver.runTest(TestDriver.java:627)
	at com.tnas.hadoop.cases.wordcount.ContadorPalavrasTest.testarMapReduce(ContadorPalavrasTest.java:77)
	at sun.reflect.NativeMethodAccessorImpl.invoke0(Native Method)
	at sun.reflect.NativeMethodAccessorImpl.invoke(NativeMethodAccessorImpl.java:62)
	at sun.reflect.DelegatingMethodAccessorImpl.invoke(DelegatingMethodAccessorImpl.java:43)
	at java.lang.reflect.Method.invoke(Method.java:498)
	at org.junit.runners.model.FrameworkMethod$1.runReflectiveCall(FrameworkMethod.java:47)
	at org.junit.internal.runners.model.ReflectiveCallable.run(ReflectiveCallable.java:12)
	at org.junit.runners.model.FrameworkMethod.invokeExplosively(FrameworkMethod.java:44)
	at org.junit.internal.runners.statements.InvokeMethod.evaluate(InvokeMethod.java:17)
	at org.junit.internal.runners.statements.RunBefores.evaluate(RunBefores.java:26)
	at org.junit.runners.ParentRunner.runLeaf(ParentRunner.java:271)
	at org.junit.runners.BlockJUnit4ClassRunner.runChild(BlockJUnit4ClassRunner.java:70)
	at org.junit.runners.BlockJUnit4ClassRunner.runChild(BlockJUnit4ClassRunner.java:50)
	at org.junit.runners.ParentRunner$3.run(ParentRunner.java:238)
	at org.junit.runners.ParentRunner$1.schedule(ParentRunner.java:63)
	at org.junit.runners.ParentRunner.runChildren(ParentRunner.java:236)
	at org.junit.runners.ParentRunner.access$000(ParentRunner.java:53)
	at org.junit.runners.ParentRunner$2.evaluate(ParentRunner.java:229)
	at org.junit.runners.ParentRunner.run(ParentRunner.java:309)
	at org.apache.maven.surefire.junit4.JUnit4Provider.execute(JUnit4Provider.java:252)
	at org.apache.maven.surefire.junit4.JUnit4Provider.executeTestSet(JUnit4Provider.java:141)
	at org.apache.maven.surefire.junit4.JUnit4Provider.invoke(JUnit4Provider.java:112)
	at sun.reflect.NativeMethodAccessorImpl.invoke0(Native Method)
	at sun.reflect.NativeMethodAccessorImpl.invoke(NativeMethodAccessorImpl.java:62)
	at sun.reflect.DelegatingMethodAccessorImpl.invoke(DelegatingMethodAccessorImpl.java:43)
	at java.lang.reflect.Method.invoke(Method.java:498)
	at org.apache.maven.surefire.util.ReflectionUtils.invokeMethodWithArray(ReflectionUtils.java:189)
	at org.apache.maven.surefire.booter.ProviderFactory$ProviderProxy.invoke(ProviderFactory.java:165)
	at org.apache.maven.surefire.booter.ProviderFactory.invokeProvider(ProviderFactory.java:85)
	at org.apache.maven.surefire.booter.ForkedBooter.runSuitesInProcess(ForkedBooter.java:115)
	at org.apache.maven.surefire.booter.ForkedBooter.main(ForkedBooter.java:75)
</failure>
    <system-err>20/08/17 17:20:43 ERROR mrunit.TestDriver: Missing expected output (CSBC, 3) at position 1, got (total, 2).
20/08/17 17:20:43 ERROR mrunit.TestDriver: Missing expected output (JAI, 1) at position 2, got (CSBC, 3).
20/08/17 17:20:43 ERROR mrunit.TestDriver: Received unexpected output (total, 3) at position 3.
20/08/17 17:20:43 ERROR mrunit.TestDriver: Received unexpected output (JAI, 1) at position 4.
20/08/17 17:20:43 ERROR mrunit.TestDriver: Received unexpected output (total, 1) at position 5.
</system-err>
  </testcase>
</testsuite>